
Showing logs for build [32mmeta-jasonwc-jenkinsx-example-y-6v4b4-3[0m stage [32mmeta-pipeline[0m and container [32mstep-credential-initializer-8rlv4[0m
{"level":"warn","ts":1567623014.273451,"logger":"fallback-logger","caller":"logging/config.go:69","msg":"Fetch GitHub commit ID from kodata failed: \"ref: refs/heads/master\" is not a valid GitHub commit ID"}
{"level":"info","ts":1567623014.274993,"logger":"fallback-logger","caller":"creds-init/main.go:40","msg":"Credentials initialized."}

Showing logs for build [32mmeta-jasonwc-jenkinsx-example-y-6v4b4-3[0m stage [32mmeta-pipeline[0m and container [32mstep-working-dir-initializer-4rp2d[0m
{"level":"warn","ts":1567623014.61226,"logger":"fallback-logger","caller":"logging/config.go:69","msg":"Fetch GitHub commit ID from kodata failed: open /var/run/ko/HEAD: no such file or directory"}
{"level":"info","ts":1567623014.6186028,"logger":"fallback-logger","caller":"bash/main.go:65","msg":"Successfully executed command \"mkdir -p /workspace/source\""}

Showing logs for build [32mmeta-jasonwc-jenkinsx-example-y-6v4b4-3[0m stage [32mmeta-pipeline[0m and container [32mstep-place-tools[0m

Showing logs for build [32mmeta-jasonwc-jenkinsx-example-y-6v4b4-3[0m stage [32mmeta-pipeline[0m and container [32mstep-git-source-meta-jasonwc-jenkinsx-example-y-lmkm6[0m
{"level":"warn","ts":1567623019.6551425,"logger":"fallback-logger","caller":"logging/config.go:69","msg":"Fetch GitHub commit ID from kodata failed: \"ref: refs/heads/master\" is not a valid GitHub commit ID"}
{"level":"info","ts":1567623019.8725924,"logger":"fallback-logger","caller":"git/git.go:102","msg":"Successfully cloned https://github.com/jasonwc-jenkinsx-example/yo-frontend.git @ bcc82cf008a2fabee55fa92b6c62d0228693b319 in path /workspace/source"}

Showing logs for build [32mmeta-jasonwc-jenkinsx-example-y-6v4b4-3[0m stage [32mmeta-pipeline[0m and container [32mstep-git-merge[0m
Using SHAs from PULL_REFS=master:bcc82cf008a2fabee55fa92b6c62d0228693b319
WARNING: no SHAs to merge, falling back to initial cloned commit

Showing logs for build [32mmeta-jasonwc-jenkinsx-example-y-6v4b4-3[0m stage [32mmeta-pipeline[0m and container [32mstep-merge-pull-refs[0m
SKIP merge-pull-refs: Nothing to merge

Showing logs for build [32mmeta-jasonwc-jenkinsx-example-y-6v4b4-3[0m stage [32mmeta-pipeline[0m and container [32mstep-create-effective-pipeline[0m
Deleting and cloning the Jenkins X versions repo
Cloning the Jenkins X versions repo https://github.com/jenkins-x/jenkins-x-versions.git with ref refs/heads/master to /builder/home/.**/jenkins-x-versions
Effective pipeline written to jenkins-x-release-effective.yml

Showing logs for build [32mmeta-jasonwc-jenkinsx-example-y-6v4b4-3[0m stage [32mmeta-pipeline[0m and container [32mstep-create-tekton-crds[0m
running command: echo \$(**-release-version) > VERSION

running command: ** step tag --version \$(cat VERSION)
Updating chart version in charts/yo-frontend/Chart.yaml to 0.0.3
Updating repository in charts/yo-frontend/values.yaml to 000360016411.dkr.ecr.us-west-2.amazonaws.com/jasonwc-jenkinsx-example/yo-frontend
Updating tag in charts/yo-frontend/values.yaml to 0.0.3
Tag v0.0.3 created and pushed to remote origin

WARNING: failed to find secret kaniko-secret in namespace **: secrets "kaniko-secret" not found
PipelineActivity for jasonwc-jenkinsx-example-yo-frontend-master-3
Applying changes 
upserted PipelineResource jasonwc-jenkinsx-example-yo-fro for the git repository https://github.com/jasonwc-jenkinsx-example/yo-frontend.git
upserted Task jasonwc-jenkinsx-example-yo-fro-5grlr-from-build-pack-3
upserted Pipeline jasonwc-jenkinsx-example-yo-fro-5grlr-3
created PipelineRun jasonwc-jenkinsx-example-yo-fro-5grlr-3
created PipelineStructure jasonwc-jenkinsx-example-yo-fro-5grlr-3

waiting for stage [32mfrom-build-pack[0m : container [32mstep-credential-initializer-gj5rs[0m to start...


Showing logs for build [32mmeta-jasonwc-jenkinsx-example-y-6v4b4-3[0m stage [32mfrom-build-pack[0m and container [32mstep-credential-initializer-gj5rs[0m
{"level":"warn","ts":1567623030.0237494,"logger":"fallback-logger","caller":"logging/config.go:69","msg":"Fetch GitHub commit ID from kodata failed: \"ref: refs/heads/master\" is not a valid GitHub commit ID"}
{"level":"info","ts":1567623030.0242002,"logger":"fallback-logger","caller":"creds-init/main.go:40","msg":"Credentials initialized."}

waiting for stage [32mfrom-build-pack[0m : container [32mstep-working-dir-initializer-djzzd[0m to start...


Showing logs for build [32mmeta-jasonwc-jenkinsx-example-y-6v4b4-3[0m stage [32mfrom-build-pack[0m and container [32mstep-working-dir-initializer-djzzd[0m
{"level":"warn","ts":1567623030.9823267,"logger":"fallback-logger","caller":"logging/config.go:69","msg":"Fetch GitHub commit ID from kodata failed: open /var/run/ko/HEAD: no such file or directory"}
{"level":"info","ts":1567623030.983674,"logger":"fallback-logger","caller":"bash/main.go:65","msg":"Successfully executed command \"mkdir -p /workspace/source /workspace/source/charts/yo-frontend\""}

waiting for stage [32mfrom-build-pack[0m : container [32mstep-place-tools[0m to start...


Showing logs for build [32mmeta-jasonwc-jenkinsx-example-y-6v4b4-3[0m stage [32mfrom-build-pack[0m and container [32mstep-place-tools[0m

waiting for stage [32mfrom-build-pack[0m : container [32mstep-git-source-jasonwc-jenkinsx-example-yo-fro-tn4vc[0m to start...


Showing logs for build [32mmeta-jasonwc-jenkinsx-example-y-6v4b4-3[0m stage [32mfrom-build-pack[0m and container [32mstep-git-source-jasonwc-jenkinsx-example-yo-fro-tn4vc[0m
{"level":"warn","ts":1567623039.091114,"logger":"fallback-logger","caller":"logging/config.go:69","msg":"Fetch GitHub commit ID from kodata failed: \"ref: refs/heads/master\" is not a valid GitHub commit ID"}
{"level":"info","ts":1567623039.2493486,"logger":"fallback-logger","caller":"git/git.go:102","msg":"Successfully cloned https://github.com/jasonwc-jenkinsx-example/yo-frontend.git @ v0.0.3 in path /workspace/source"}

waiting for stage [32mfrom-build-pack[0m : container [32mstep-git-merge[0m to start...


Showing logs for build [32mmeta-jasonwc-jenkinsx-example-y-6v4b4-3[0m stage [32mfrom-build-pack[0m and container [32mstep-git-merge[0m
Using SHAs from PULL_REFS=master:bcc82cf008a2fabee55fa92b6c62d0228693b319
WARNING: no SHAs to merge, falling back to initial cloned commit

waiting for stage [32mfrom-build-pack[0m : container [32mstep-setup-jx-git-credentials[0m to start...


Showing logs for build [32mmeta-jasonwc-jenkinsx-example-y-6v4b4-3[0m stage [32mfrom-build-pack[0m and container [32mstep-setup-jx-git-credentials[0m
Generated Git credentials file /workspace/xdg_config/git/credentials

waiting for stage [32mfrom-build-pack[0m : container [32mstep-build-npmrc[0m to start...


Showing logs for build [32mmeta-jasonwc-jenkinsx-example-y-6v4b4-3[0m stage [32mfrom-build-pack[0m and container [32mstep-build-npmrc[0m
WARNING: failed to find Secret npm-token in namespace **

waiting for stage [32mfrom-build-pack[0m : container [32mstep-build-npm-install[0m to start...


Showing logs for build [32mmeta-jasonwc-jenkinsx-example-y-6v4b4-3[0m stage [32mfrom-build-pack[0m and container [32mstep-build-npm-install[0m

> core-js@2.6.9 postinstall /workspace/source/node_modules/babel-runtime/node_modules/core-js
> node scripts/postinstall || echo "ignore"

[96mThank you for using core-js ([94m https://github.com/zloirock/core-js [96m) for polyfilling JavaScript standard library![0m

[96mThe project needs your help! Please consider supporting of core-js on Open Collective or Patreon: [0m
[96m>[94m https://opencollective.com/core-js [0m
[96m>[94m https://www.patreon.com/zloirock [0m

[96mAlso, the author of core-js ([94m https://github.com/zloirock [96m) is looking for a good job -)[0m


> core-js@3.1.4 postinstall /workspace/source/node_modules/core-js
> node scripts/postinstall || echo "ignore"

[96mThank you for using core-js ([94m https://github.com/zloirock/core-js [96m) for polyfilling JavaScript standard library![0m

[96mThe project needs your help! Please consider supporting of core-js on Open Collective or Patreon: [0m
[96m>[94m https://opencollective.com/core-js [0m
[96m>[94m https://www.patreon.com/zloirock [0m

[96mAlso, the author of core-js ([94m https://github.com/zloirock [96m) is looking for a good job -)[0m

npm WARN optional SKIPPING OPTIONAL DEPENDENCY: fsevents@1.2.9 (node_modules/jest-haste-map/node_modules/fsevents):
npm WARN notsup SKIPPING OPTIONAL DEPENDENCY: Unsupported platform for fsevents@1.2.9: wanted {"os":"darwin","arch":"any"} (current: {"os":"linux","arch":"x64"})
npm WARN optional SKIPPING OPTIONAL DEPENDENCY: fsevents@1.2.9 (node_modules/chokidar/node_modules/fsevents):
npm WARN notsup SKIPPING OPTIONAL DEPENDENCY: Unsupported platform for fsevents@1.2.9: wanted {"os":"darwin","arch":"any"} (current: {"os":"linux","arch":"x64"})
npm WARN optional SKIPPING OPTIONAL DEPENDENCY: fsevents@2.0.7 (node_modules/fsevents):
npm WARN notsup SKIPPING OPTIONAL DEPENDENCY: Unsupported platform for fsevents@2.0.7: wanted {"os":"darwin","arch":"any"} (current: {"os":"linux","arch":"x64"})

added 1435 packages from 685 contributors and audited 903611 packages in 19.047s
found 0 vulnerabilities


waiting for stage [32mfrom-build-pack[0m : container [32mstep-build-npm-test[0m to start...


Showing logs for build [32mmeta-jasonwc-jenkinsx-example-y-6v4b4-3[0m stage [32mfrom-build-pack[0m and container [32mstep-build-npm-test[0m

> yo-frontend@0.1.0 test /workspace/source
> react-scripts test

PASS src/App.test.js
  ✓ renders without crashing (37ms)

Test Suites: 1 passed, 1 total
Tests:       1 passed, 1 total
Snapshots:   0 total
Time:        1.589s
Ran all test suites.

waiting for stage [32mfrom-build-pack[0m : container [32mstep-build-container-build[0m to start...


Showing logs for build [32mmeta-jasonwc-jenkinsx-example-y-6v4b4-3[0m stage [32mfrom-build-pack[0m and container [32mstep-build-container-build[0m
[36mINFO[0m[0000] Downloading base image node:11.13.0          
[36mINFO[0m[0000] Error while retrieving image from cache: getting file info: stat /workspace/sha256:1f435b1a92050b3c4ac6c0485d08a3c322f362589250bb94f350569a3d78ffcf: no such file or directory 
[36mINFO[0m[0000] Downloading base image node:11.13.0          
[36mINFO[0m[0000] Using files from context: [/workspace/source/package-lock.json /workspace/source/package.json] 
[36mINFO[0m[0000] Checking for cached layer 000360016411.dkr.ecr.us-west-2.amazonaws.com/todo/cache:d8ca1e50e43abff900b81f3f2be89a7502629a0b36a953716e2c994b289d4683... 
[36mINFO[0m[0001] No cached layer found for cmd RUN npm ci --only=production 
[36mINFO[0m[0001] Unpacking rootfs as cmd RUN npm ci --only=production requires it. 
[36mINFO[0m[0016] Taking snapshot of full filesystem...        
[36mINFO[0m[0023] WORKDIR /usr/src/app                         
[36mINFO[0m[0023] cmd: workdir                                 
[36mINFO[0m[0023] Changed working directory to /usr/src/app    
[36mINFO[0m[0023] Creating directory /usr/src/app              
[36mINFO[0m[0023] Taking snapshot of files...                  
[36mINFO[0m[0024] Using files from context: [/workspace/source/package-lock.json /workspace/source/package.json] 
[36mINFO[0m[0024] COPY package*.json ./                        
[36mINFO[0m[0024] Taking snapshot of files...                  
[36mINFO[0m[0024] RUN npm ci --only=production                 
[36mINFO[0m[0024] cmd: /bin/sh                                 
[36mINFO[0m[0024] args: [-c npm ci --only=production]          

> core-js@2.6.9 postinstall /usr/src/app/node_modules/babel-runtime/node_modules/core-js
> node scripts/postinstall || echo "ignore"

Thank you for using core-js ( https://github.com/zloirock/core-js ) for polyfilling JavaScript standard library!

The project needs your help! Please consider supporting of core-js on Open Collective or Patreon: 
> https://opencollective.com/core-js 
> https://www.patreon.com/zloirock 

Also, the author of core-js ( https://github.com/zloirock ) is looking for a good job -)


> fsevents@1.2.9 install /usr/src/app/node_modules/chokidar/node_modules/fsevents
> node install


> core-js@3.1.4 postinstall /usr/src/app/node_modules/core-js
> node scripts/postinstall || echo "ignore"

Thank you for using core-js ( https://github.com/zloirock/core-js ) for polyfilling JavaScript standard library!

The project needs your help! Please consider supporting of core-js on Open Collective or Patreon: 
> https://opencollective.com/core-js 
> https://www.patreon.com/zloirock 

Also, the author of core-js ( https://github.com/zloirock ) is looking for a good job -)


> fsevents@1.2.9 install /usr/src/app/node_modules/jest-haste-map/node_modules/fsevents
> node install

added 1439 packages in 11.058s
[36mINFO[0m[0036] Taking snapshot of full filesystem...        
[36mINFO[0m[0055] Pushing layer 000360016411.dkr.ecr.us-west-2.amazonaws.com/todo/cache:d8ca1e50e43abff900b81f3f2be89a7502629a0b36a953716e2c994b289d4683 to cache now 
[36mINFO[0m[0055] Using files from context: [/workspace/source] 
[36mINFO[0m[0056] COPY . ./                                    
[36mINFO[0m[0058] Taking snapshot of files...                  
[36mINFO[0m[0058] RUN npm run build                            
[36mINFO[0m[0058] cmd: /bin/sh                                 
[36mINFO[0m[0058] args: [-c npm run build]                     

> yo-frontend@0.1.0 build /usr/src/app
> react-scripts build

Creating an optimized production build...
Compiled successfully.

File sizes after gzip:

  38.97 KB  build/static/js/2.6289cfb8.chunk.js
  778 B     build/static/js/runtime~main.6fd3b175.js
  735 B     build/static/js/main.272778bd.chunk.js
  287 B     build/static/css/main.507336ad.chunk.css

The project was built assuming it is hosted at the server root.
You can control this with the homepage field in your package.json.
For example, add this to build it for GitHub Pages:

  "homepage" : "http://myname.github.io/myapp",

The build folder is ready to be deployed.
You may serve it with a static server:

  npm install -g serve
  serve -s build

Find out more about deployment here:

  https://bit.ly/CRA-deploy

[36mINFO[0m[0066] Taking snapshot of full filesystem...        
[36mINFO[0m[0073] Pushing layer 000360016411.dkr.ecr.us-west-2.amazonaws.com/todo/cache:f56ba5474179fcb7f8e8b6dd3a535e79addbdc33007240eb6836d81fa39ce70e to cache now 
[33mWARN[0m[0073] error uploading layer to cache: failed to push to destination 000360016411.dkr.ecr.us-west-2.amazonaws.com/todo/cache:d8ca1e50e43abff900b81f3f2be89a7502629a0b36a953716e2c994b289d4683: NAME_UNKNOWN: The repository with name 'todo/cache' does not exist in the registry with id '000360016411' 
[36mINFO[0m[0073] Storing source image from stage 0 at path /kaniko/stages/0 
[36mINFO[0m[0097] Deleting filesystem...                       
[36mINFO[0m[0100] Downloading base image nginx                 
[36mINFO[0m[0100] Error while retrieving image from cache: getting file info: stat /workspace/sha256:099019968725f0fc12c4b69b289a347ae74cc56da0f0ef56e8eb8e0134fc7911: no such file or directory 
[36mINFO[0m[0100] Downloading base image nginx                 
[36mINFO[0m[0100] cmd: EXPOSE                                  
[36mINFO[0m[0100] Adding exposed port: 80/tcp                  
[36mINFO[0m[0100] Skipping unpacking as no commands require it. 
[36mINFO[0m[0100] Taking snapshot of full filesystem...        
[36mINFO[0m[0110] COPY --from=build /usr/src/app/build /usr/share/nginx/html 
[36mINFO[0m[0110] Taking snapshot of files...                  
[36mINFO[0m[0110] EXPOSE 80                                    
[36mINFO[0m[0110] cmd: EXPOSE                                  
[36mINFO[0m[0110] Adding exposed port: 80/tcp                  
[36mINFO[0m[0110] No files changed in this command, skipping snapshotting. 
[36mINFO[0m[0110] CMD ["nginx", "-g", "daemon off;"]           
[36mINFO[0m[0110] No files changed in this command, skipping snapshotting. 
2019/09/04 18:52:54 existing blob: sha256:a17e64cfe253e4f55c326740c8fffd1812a09257d96be959a5db2ecf8624c63f
2019/09/04 18:52:54 existing blob: sha256:e1288088c7a8274e84793b282640a49a8b90b8b364ea5d593887ff43ecaff0e0
2019/09/04 18:52:55 existing blob: sha256:1ab2bdfe97783562315f98f94c0769b1897a05f7b0395ca1520ebee08666703b
2019/09/04 18:52:55 pushed blob: sha256:6596df4b02dbfb851a282175faf4a1f9c339569d420ad0dabce4587b37226785
2019/09/04 18:52:56 pushed blob: sha256:245bf6f264c3a9b2361920cbddee485105a0cd5cfb6636eafd20072e7244de64
2019/09/04 18:52:56 000360016411.dkr.ecr.us-west-2.amazonaws.com/jasonwc-jenkinsx-example/yo-frontend:0.0.3: digest: sha256:d1b350a4671aff5eff80d86dbb5e33b5bfc0621dab9d850b5a6e02bc8864a983 size: 917

waiting for stage [32mfrom-build-pack[0m : container [32mstep-build-post-build[0m to start...


Showing logs for build [32mmeta-jasonwc-jenkinsx-example-y-6v4b4-3[0m stage [32mfrom-build-pack[0m and container [32mstep-build-post-build[0m
no CVE provider running in the current ** namespace so skip adding image to be analysed

waiting for stage [32mfrom-build-pack[0m : container [32mstep-promote-changelog[0m to start...


Showing logs for build [32mmeta-jasonwc-jenkinsx-example-y-6v4b4-3[0m stage [32mfrom-build-pack[0m and container [32mstep-promote-changelog[0m
Converted /workspace/source/charts/yo-frontend to an unshallow repository
Generating change log from git ref 4e18aa912cd97fb73c83cebbfb040cc197b0540c => ed8620f606a26c881698625c32596508f779bf5d
Associating user jasonwc in users.jenkins.io with email jasonwccodes@gmail.com to git GitProvider user with login -0 as emails match
Adding label jenkins.io/git-github-userid=-0 to user jasonwc in users.jenkins.io
WARNING: Failed to enrich commit b6fefee30e9e836ff4c2bcab39eef92b5d08e860 with issues: User.jenkins.io "jasonwc" is invalid: metadata.labels: Invalid value: "-0": a valid label must be an empty string or consist of alphanumeric characters, '-', '_' or '.', and must start and end with an alphanumeric character (e.g. 'MyValue',  or 'my_value',  or '12345', regex used for validation is '(([A-Za-z0-9][-A-Za-z0-9_.]*)?[A-Za-z0-9])?')
Associating user jasonwc in users.jenkins.io with email jasonwccodes@gmail.com to git GitProvider user with login -0 as emails match
Adding label jenkins.io/git-github-userid=-0 to user jasonwc in users.jenkins.io
WARNING: Failed to enrich commit b6fefee30e9e836ff4c2bcab39eef92b5d08e860 with issues: User.jenkins.io "jasonwc" is invalid: metadata.labels: Invalid value: "-0": a valid label must be an empty string or consist of alphanumeric characters, '-', '_' or '.', and must start and end with an alphanumeric character (e.g. 'MyValue',  or 'my_value',  or '12345', regex used for validation is '(([A-Za-z0-9][-A-Za-z0-9_.]*)?[A-Za-z0-9])?')
Finding issues in commit messages using git format
Associating user jasonwc in users.jenkins.io with email jasonwccodes@gmail.com to git GitProvider user with login -0 as emails match
Adding label jenkins.io/git-github-userid=-0 to user jasonwc in users.jenkins.io
WARNING: Failed to enrich commit 3831bac35ccb2543ad6c4f2b854dc71d0b132503 with issues: User.jenkins.io "jasonwc" is invalid: metadata.labels: Invalid value: "-0": a valid label must be an empty string or consist of alphanumeric characters, '-', '_' or '.', and must start and end with an alphanumeric character (e.g. 'MyValue',  or 'my_value',  or '12345', regex used for validation is '(([A-Za-z0-9][-A-Za-z0-9_.]*)?[A-Za-z0-9])?')
Associating user jasonwc in users.jenkins.io with email jasonwccodes@gmail.com to git GitProvider user with login -0 as emails match
Adding label jenkins.io/git-github-userid=-0 to user jasonwc in users.jenkins.io
WARNING: Failed to enrich commit 3831bac35ccb2543ad6c4f2b854dc71d0b132503 with issues: User.jenkins.io "jasonwc" is invalid: metadata.labels: Invalid value: "-0": a valid label must be an empty string or consist of alphanumeric characters, '-', '_' or '.', and must start and end with an alphanumeric character (e.g. 'MyValue',  or 'my_value',  or '12345', regex used for validation is '(([A-Za-z0-9][-A-Za-z0-9_.]*)?[A-Za-z0-9])?')
Associating user jasonwc in users.jenkins.io with email jasonwccodes@gmail.com to git GitProvider user with login -0 as emails match
Adding label jenkins.io/git-github-userid=-0 to user jasonwc in users.jenkins.io
WARNING: Failed to enrich commit fbd6ca0bf87b3d0096693f4fc22fc7c08ff31089 with issues: User.jenkins.io "jasonwc" is invalid: metadata.labels: Invalid value: "-0": a valid label must be an empty string or consist of alphanumeric characters, '-', '_' or '.', and must start and end with an alphanumeric character (e.g. 'MyValue',  or 'my_value',  or '12345', regex used for validation is '(([A-Za-z0-9][-A-Za-z0-9_.]*)?[A-Za-z0-9])?')
Associating user jasonwc in users.jenkins.io with email jasonwccodes@gmail.com to git GitProvider user with login -0 as emails match
Adding label jenkins.io/git-github-userid=-0 to user jasonwc in users.jenkins.io
WARNING: Failed to enrich commit fbd6ca0bf87b3d0096693f4fc22fc7c08ff31089 with issues: User.jenkins.io "jasonwc" is invalid: metadata.labels: Invalid value: "-0": a valid label must be an empty string or consist of alphanumeric characters, '-', '_' or '.', and must start and end with an alphanumeric character (e.g. 'MyValue',  or 'my_value',  or '12345', regex used for validation is '(([A-Za-z0-9][-A-Za-z0-9_.]*)?[A-Za-z0-9])?')
WARNING: No release found for jasonwc-jenkinsx-example/yo-frontend and tag v0.0.3 so creating a new release
Updated the release information at https://github.com/jasonwc-jenkinsx-example/yo-frontend/releases/tag/v0.0.3
generated: /workspace/source/charts/yo-frontend/templates/release.yaml
Created Release yo-frontend-0-0-3 resource in namespace **
Updating PipelineActivity jasonwc-jenkinsx-example-yo-frontend-master-3 with version 0.0.3
Updated PipelineActivities jasonwc-jenkinsx-example-yo-frontend-master-3 with release notes URL: https://github.com/jasonwc-jenkinsx-example/yo-frontend/releases/tag/v0.0.3

waiting for stage [32mfrom-build-pack[0m : container [32mstep-promote-helm-release[0m to start...


Showing logs for build [32mmeta-jasonwc-jenkinsx-example-y-6v4b4-3[0m stage [32mfrom-build-pack[0m and container [32mstep-promote-helm-release[0m
WARNING: No $CHART_REPOSITORY defined so using the default value of: http://jenkins-x-chartmuseum:8080
Adding missing Helm repo: storage.googleapis.com https://storage.googleapis.com/chartmuseum.jenkins-x.io
Successfully added Helm repository storage.googleapis.com.
Adding missing Helm repo: jenkins-x-chartmuseum http://jenkins-x-chartmuseum:8080
Successfully added Helm repository jenkins-x-chartmuseum.
WARNING: No $CHART_REPOSITORY defined so using the default value of: http://jenkins-x-chartmuseum:8080
Uploading chart file yo-frontend-0.0.3.tgz to http://jenkins-x-chartmuseum:8080/api/charts
Received 201 response: {"saved":true}

waiting for stage [32mfrom-build-pack[0m : container [32mstep-promote-jx-promote[0m to start...


Showing logs for build [32mmeta-jasonwc-jenkinsx-example-y-6v4b4-3[0m stage [32mfrom-build-pack[0m and container [32mstep-promote-jx-promote[0m
WARNING: prow based install so skip waiting for the merge of Pull Requests to go green as currently there is an issue with gettingstatuses from the PR, see https://github.com/jenkins-x/**/issues/2410
Promoting app yo-frontend version 0.0.3 to namespace **-yo-staging
Created Pull Request: https://github.com/jasonwc-jenkinsx-example/environment-**-yo-staging/pull/4
Added label  to Pull Request https://github.com/jasonwc-jenkinsx-example/environment-**-yo-staging/pull/4
Pull Request https://github.com/jasonwc-jenkinsx-example/environment-**-yo-staging/pull/4 is merged at sha 5ad613bee60a838790b8da980fbae72a9f246ab6
Pull Request merged but we are not waiting for the update pipeline to complete!
