
Showing logs for build [32mmeta-jasonwc-jenkinsx-example-y-z62sn-5[0m stage [32mmeta-pipeline[0m and container [32mstep-credential-initializer-6t79t[0m
Unable to retrieve container logs for docker://c0c8978a340034f620644789097d8a43e314958c0bb4225c28523a00debba2e4

Showing logs for build [32mmeta-jasonwc-jenkinsx-example-y-z62sn-5[0m stage [32mmeta-pipeline[0m and container [32mstep-working-dir-initializer-fxlgk[0m
Unable to retrieve container logs for docker://a7280cdabb37ba154bb82646d13249d4a6499d62e4a48f55516a04f98408fd25

Showing logs for build [32mmeta-jasonwc-jenkinsx-example-y-z62sn-5[0m stage [32mmeta-pipeline[0m and container [32mstep-place-tools[0m
Unable to retrieve container logs for docker://056f129182920e6d2cde9c98f47c4751b9f928e539148b5603ad5ccf57f51096

Showing logs for build [32mmeta-jasonwc-jenkinsx-example-y-z62sn-5[0m stage [32mmeta-pipeline[0m and container [32mstep-git-source-meta-jasonwc-jenkinsx-example-y-fqjdg[0m
Unable to retrieve container logs for docker://702de633e0b1daecb8178debc42a673066068b66a76b2088040fb8cbf3f3741d

Showing logs for build [32mmeta-jasonwc-jenkinsx-example-y-z62sn-5[0m stage [32mmeta-pipeline[0m and container [32mstep-git-merge[0m
Unable to retrieve container logs for docker://a42707580e67eb929d04aeec8149b1ae00917ff44e5f5b4b07f0737c2941f9fc

Showing logs for build [32mmeta-jasonwc-jenkinsx-example-y-z62sn-5[0m stage [32mmeta-pipeline[0m and container [32mstep-merge-pull-refs[0m
Unable to retrieve container logs for docker://fe2278fd4f877264b82b428d5f0fc8f00a26e10f28a4825c61b213068450be56

Showing logs for build [32mmeta-jasonwc-jenkinsx-example-y-z62sn-5[0m stage [32mmeta-pipeline[0m and container [32mstep-create-effective-pipeline[0m
Unable to retrieve container logs for docker://bc41a7a1c57482d98632d4a8b655bd46daac8a13f4bc388d09ef289b668acae0

Showing logs for build [32mmeta-jasonwc-jenkinsx-example-y-z62sn-5[0m stage [32mmeta-pipeline[0m and container [32mstep-create-tekton-crds[0m
Unable to retrieve container logs for docker://c87b0a8f2adcf8cd1e24605a1f9a851861781b34a76894546ace235be93b8fb4

Showing logs for build [32mmeta-jasonwc-jenkinsx-example-y-z62sn-5[0m stage [32mfrom-build-pack[0m and container [32mstep-credential-initializer-kbrh7[0m
{"level":"warn","ts":1568231677.271888,"logger":"fallback-logger","caller":"logging/config.go:69","msg":"Fetch GitHub commit ID from kodata failed: \"ref: refs/heads/master\" is not a valid GitHub commit ID"}
{"level":"info","ts":1568231677.2721708,"logger":"fallback-logger","caller":"creds-init/main.go:40","msg":"Credentials initialized."}

Showing logs for build [32mmeta-jasonwc-jenkinsx-example-y-z62sn-5[0m stage [32mfrom-build-pack[0m and container [32mstep-working-dir-initializer-jskhd[0m
{"level":"warn","ts":1568231677.559646,"logger":"fallback-logger","caller":"logging/config.go:69","msg":"Fetch GitHub commit ID from kodata failed: open /var/run/ko/HEAD: no such file or directory"}
{"level":"info","ts":1568231677.560975,"logger":"fallback-logger","caller":"bash/main.go:65","msg":"Successfully executed command \"mkdir -p /workspace/source /workspace/source/charts/yo-frontend\""}

Showing logs for build [32mmeta-jasonwc-jenkinsx-example-y-z62sn-5[0m stage [32mfrom-build-pack[0m and container [32mstep-place-tools[0m

Showing logs for build [32mmeta-jasonwc-jenkinsx-example-y-z62sn-5[0m stage [32mfrom-build-pack[0m and container [32mstep-git-source-jasonwc-jenkinsx-example-yo-fro-drz88[0m
{"level":"warn","ts":1568231698.643937,"logger":"fallback-logger","caller":"logging/config.go:69","msg":"Fetch GitHub commit ID from kodata failed: \"ref: refs/heads/master\" is not a valid GitHub commit ID"}
{"level":"info","ts":1568231698.8308144,"logger":"fallback-logger","caller":"git/git.go:102","msg":"Successfully cloned https://github.com/jasonwc-jenkinsx-example/yo-frontend.git @ v0.0.5 in path /workspace/source"}

Showing logs for build [32mmeta-jasonwc-jenkinsx-example-y-z62sn-5[0m stage [32mfrom-build-pack[0m and container [32mstep-git-merge[0m
Using SHAs from PULL_REFS=master:1e05e5052c0e75e19cdcfea04307f10bbaf51f8b
WARNING: no SHAs to merge, falling back to initial cloned commit

Showing logs for build [32mmeta-jasonwc-jenkinsx-example-y-z62sn-5[0m stage [32mfrom-build-pack[0m and container [32mstep-setup-jx-git-credentials[0m
Generated Git credentials file /workspace/xdg_config/git/credentials

Showing logs for build [32mmeta-jasonwc-jenkinsx-example-y-z62sn-5[0m stage [32mfrom-build-pack[0m and container [32mstep-build-npmrc[0m
WARNING: failed to find Secret npm-token in namespace **

Showing logs for build [32mmeta-jasonwc-jenkinsx-example-y-z62sn-5[0m stage [32mfrom-build-pack[0m and container [32mstep-build-npm-install[0m

> core-js@2.6.9 postinstall /workspace/source/node_modules/babel-runtime/node_modules/core-js
> node scripts/postinstall || echo "ignore"

[96mThank you for using core-js ([94m https://github.com/zloirock/core-js [96m) for polyfilling JavaScript standard library![0m

[96mThe project needs your help! Please consider supporting of core-js on Open Collective or Patreon: [0m
[96m>[94m https://opencollective.com/core-js [0m
[96m>[94m https://www.patreon.com/zloirock [0m

[96mAlso, the author of core-js ([94m https://github.com/zloirock [96m) is looking for a good job -)[0m


> core-js@3.1.4 postinstall /workspace/source/node_modules/core-js
> node scripts/postinstall || echo "ignore"

[96mThank you for using core-js ([94m https://github.com/zloirock/core-js [96m) for polyfilling JavaScript standard library![0m

[96mThe project needs your help! Please consider supporting of core-js on Open Collective or Patreon: [0m
[96m>[94m https://opencollective.com/core-js [0m
[96m>[94m https://www.patreon.com/zloirock [0m

[96mAlso, the author of core-js ([94m https://github.com/zloirock [96m) is looking for a good job -)[0m

npm WARN optional SKIPPING OPTIONAL DEPENDENCY: fsevents@1.2.9 (node_modules/jest-haste-map/node_modules/fsevents):
npm WARN notsup SKIPPING OPTIONAL DEPENDENCY: Unsupported platform for fsevents@1.2.9: wanted {"os":"darwin","arch":"any"} (current: {"os":"linux","arch":"x64"})
npm WARN optional SKIPPING OPTIONAL DEPENDENCY: fsevents@1.2.9 (node_modules/chokidar/node_modules/fsevents):
npm WARN notsup SKIPPING OPTIONAL DEPENDENCY: Unsupported platform for fsevents@1.2.9: wanted {"os":"darwin","arch":"any"} (current: {"os":"linux","arch":"x64"})
npm WARN optional SKIPPING OPTIONAL DEPENDENCY: fsevents@2.0.7 (node_modules/fsevents):
npm WARN notsup SKIPPING OPTIONAL DEPENDENCY: Unsupported platform for fsevents@2.0.7: wanted {"os":"darwin","arch":"any"} (current: {"os":"linux","arch":"x64"})

added 1435 packages from 685 contributors and audited 903611 packages in 20.444s
found 0 vulnerabilities


Showing logs for build [32mmeta-jasonwc-jenkinsx-example-y-z62sn-5[0m stage [32mfrom-build-pack[0m and container [32mstep-build-npm-test[0m

> yo-frontend@0.1.0 test /workspace/source
> react-scripts test

PASS src/App.test.js
  ✓ renders without crashing (23ms)

Test Suites: 1 passed, 1 total
Tests:       1 passed, 1 total
Snapshots:   0 total
Time:        1.886s
Ran all test suites.

Showing logs for build [32mmeta-jasonwc-jenkinsx-example-y-z62sn-5[0m stage [32mfrom-build-pack[0m and container [32mstep-build-container-build[0m
[36mINFO[0m[0000] Downloading base image node:11.13.0          
[36mINFO[0m[0000] Error while retrieving image from cache: getting file info: stat /workspace/sha256:1f435b1a92050b3c4ac6c0485d08a3c322f362589250bb94f350569a3d78ffcf: no such file or directory 
[36mINFO[0m[0000] Downloading base image node:11.13.0          
[36mINFO[0m[0000] Using files from context: [/workspace/source/package-lock.json /workspace/source/package.json] 
[36mINFO[0m[0000] Checking for cached layer 000360016411.dkr.ecr.us-west-2.amazonaws.com/todo/cache:d8ca1e50e43abff900b81f3f2be89a7502629a0b36a953716e2c994b289d4683... 
[36mINFO[0m[0002] No cached layer found for cmd RUN npm ci --only=production 
[36mINFO[0m[0002] Unpacking rootfs as cmd RUN npm ci --only=production requires it. 
[36mINFO[0m[0019] Taking snapshot of full filesystem...        
[36mINFO[0m[0025] WORKDIR /usr/src/app                         
[36mINFO[0m[0025] cmd: workdir                                 
[36mINFO[0m[0025] Changed working directory to /usr/src/app    
[36mINFO[0m[0025] Creating directory /usr/src/app              
[36mINFO[0m[0025] Taking snapshot of files...                  
[36mINFO[0m[0026] Using files from context: [/workspace/source/package-lock.json /workspace/source/package.json] 
[36mINFO[0m[0026] COPY package*.json ./                        
[36mINFO[0m[0027] Taking snapshot of files...                  
[36mINFO[0m[0027] RUN npm ci --only=production                 
[36mINFO[0m[0027] cmd: /bin/sh                                 
[36mINFO[0m[0027] args: [-c npm ci --only=production]          

> core-js@2.6.9 postinstall /usr/src/app/node_modules/babel-runtime/node_modules/core-js
> node scripts/postinstall || echo "ignore"

Thank you for using core-js ( https://github.com/zloirock/core-js ) for polyfilling JavaScript standard library!

The project needs your help! Please consider supporting of core-js on Open Collective or Patreon: 
> https://opencollective.com/core-js 
> https://www.patreon.com/zloirock 

Also, the author of core-js ( https://github.com/zloirock ) is looking for a good job -)


> fsevents@1.2.9 install /usr/src/app/node_modules/chokidar/node_modules/fsevents
> node install


> core-js@3.1.4 postinstall /usr/src/app/node_modules/core-js
> node scripts/postinstall || echo "ignore"

Thank you for using core-js ( https://github.com/zloirock/core-js ) for polyfilling JavaScript standard library!

The project needs your help! Please consider supporting of core-js on Open Collective or Patreon: 
> https://opencollective.com/core-js 
> https://www.patreon.com/zloirock 

Also, the author of core-js ( https://github.com/zloirock ) is looking for a good job -)


> fsevents@1.2.9 install /usr/src/app/node_modules/jest-haste-map/node_modules/fsevents
> node install

added 1439 packages in 10.943s
[36mINFO[0m[0038] Taking snapshot of full filesystem...        
[36mINFO[0m[0058] Using files from context: [/workspace/source] 
[36mINFO[0m[0058] Pushing layer 000360016411.dkr.ecr.us-west-2.amazonaws.com/todo/cache:d8ca1e50e43abff900b81f3f2be89a7502629a0b36a953716e2c994b289d4683 to cache now 
[36mINFO[0m[0064] COPY . ./                                    
[36mINFO[0m[0065] Taking snapshot of files...                  
[36mINFO[0m[0065] RUN npm run build                            
[36mINFO[0m[0065] cmd: /bin/sh                                 
[36mINFO[0m[0065] args: [-c npm run build]                     

> yo-frontend@0.1.0 build /usr/src/app
> react-scripts build

Creating an optimized production build...
Compiled successfully.

File sizes after gzip:

  38.97 KB  build/static/js/2.6289cfb8.chunk.js
  778 B     build/static/js/runtime~main.6fd3b175.js
  745 B     build/static/js/main.b8326886.chunk.js
  287 B     build/static/css/main.507336ad.chunk.css

The project was built assuming it is hosted at the server root.
You can control this with the homepage field in your package.json.
For example, add this to build it for GitHub Pages:

  "homepage" : "http://myname.github.io/myapp",

The build folder is ready to be deployed.
You may serve it with a static server:

  npm install -g serve
  serve -s build

Find out more about deployment here:

  https://bit.ly/CRA-deploy

[36mINFO[0m[0073] Taking snapshot of full filesystem...        
[36mINFO[0m[0080] Pushing layer 000360016411.dkr.ecr.us-west-2.amazonaws.com/todo/cache:90f7dca69dc47048ba99418fdd51553667cf5908e82f3a0059875fee579f0b63 to cache now 
[33mWARN[0m[0080] error uploading layer to cache: failed to push to destination 000360016411.dkr.ecr.us-west-2.amazonaws.com/todo/cache:d8ca1e50e43abff900b81f3f2be89a7502629a0b36a953716e2c994b289d4683: NAME_UNKNOWN: The repository with name 'todo/cache' does not exist in the registry with id '000360016411' 
[36mINFO[0m[0080] Storing source image from stage 0 at path /kaniko/stages/0 
[36mINFO[0m[0105] Deleting filesystem...                       
[36mINFO[0m[0110] Downloading base image nginx                 
[36mINFO[0m[0110] Error while retrieving image from cache: getting file info: stat /workspace/sha256:099019968725f0fc12c4b69b289a347ae74cc56da0f0ef56e8eb8e0134fc7911: no such file or directory 
[36mINFO[0m[0110] Downloading base image nginx                 
[36mINFO[0m[0110] cmd: EXPOSE                                  
[36mINFO[0m[0110] Adding exposed port: 80/tcp                  
[36mINFO[0m[0110] Skipping unpacking as no commands require it. 
[36mINFO[0m[0110] Taking snapshot of full filesystem...        
[36mINFO[0m[0120] COPY --from=build /usr/src/app/build /usr/share/nginx/html 
[36mINFO[0m[0120] Taking snapshot of files...                  
[36mINFO[0m[0120] EXPOSE 80                                    
[36mINFO[0m[0120] cmd: EXPOSE                                  
[36mINFO[0m[0120] Adding exposed port: 80/tcp                  
[36mINFO[0m[0120] No files changed in this command, skipping snapshotting. 
[36mINFO[0m[0120] CMD ["nginx", "-g", "daemon off;"]           
[36mINFO[0m[0120] No files changed in this command, skipping snapshotting. 
2019/09/11 19:57:25 existing blob: sha256:1ab2bdfe97783562315f98f94c0769b1897a05f7b0395ca1520ebee08666703b
2019/09/11 19:57:25 existing blob: sha256:a17e64cfe253e4f55c326740c8fffd1812a09257d96be959a5db2ecf8624c63f
2019/09/11 19:57:25 existing blob: sha256:e1288088c7a8274e84793b282640a49a8b90b8b364ea5d593887ff43ecaff0e0
2019/09/11 19:57:26 pushed blob: sha256:fadecd145d4058f370ec45463f090fe35c42eb6f72001bec1a68aef5adcb287e
2019/09/11 19:57:26 pushed blob: sha256:346ac52969db8c0ca770017cf4222067b68032d1fb5ec4ed9fdcd4f68da50ec9
2019/09/11 19:57:26 000360016411.dkr.ecr.us-west-2.amazonaws.com/jasonwc-jenkinsx-example/yo-frontend:0.0.5: digest: sha256:095cad2e4b66d2d9d05640a226f7954522d6c2ef1a525e52f802f20e0cca5ef2 size: 917

Showing logs for build [32mmeta-jasonwc-jenkinsx-example-y-z62sn-5[0m stage [32mfrom-build-pack[0m and container [32mstep-build-post-build[0m
no CVE provider running in the current ** namespace so skip adding image to be analysed

Showing logs for build [32mmeta-jasonwc-jenkinsx-example-y-z62sn-5[0m stage [32mfrom-build-pack[0m and container [32mstep-promote-changelog[0m
Converted /workspace/source/charts/yo-frontend to an unshallow repository
Generating change log from git ref 2fa2d0829c6c102c9d3471edee18360bb989b7ac => d2664585999b520eeae7fddf97ecc528503ee568
Associating user jasonwc in users.jenkins.io with email jasonwccodes@gmail.com to git GitProvider user with login -0 as emails match
Adding label jenkins.io/git-github-userid=-0 to user jasonwc in users.jenkins.io
WARNING: Failed to enrich commit 1e05e5052c0e75e19cdcfea04307f10bbaf51f8b with issues: User.jenkins.io "jasonwc" is invalid: metadata.labels: Invalid value: "-0": a valid label must be an empty string or consist of alphanumeric characters, '-', '_' or '.', and must start and end with an alphanumeric character (e.g. 'MyValue',  or 'my_value',  or '12345', regex used for validation is '(([A-Za-z0-9][-A-Za-z0-9_.]*)?[A-Za-z0-9])?')
Associating user jasonwc in users.jenkins.io with email jasonwccodes@gmail.com to git GitProvider user with login -0 as emails match
Adding label jenkins.io/git-github-userid=-0 to user jasonwc in users.jenkins.io
WARNING: Failed to enrich commit 1e05e5052c0e75e19cdcfea04307f10bbaf51f8b with issues: User.jenkins.io "jasonwc" is invalid: metadata.labels: Invalid value: "-0": a valid label must be an empty string or consist of alphanumeric characters, '-', '_' or '.', and must start and end with an alphanumeric character (e.g. 'MyValue',  or 'my_value',  or '12345', regex used for validation is '(([A-Za-z0-9][-A-Za-z0-9_.]*)?[A-Za-z0-9])?')
Finding issues in commit messages using git format
WARNING: No release found for jasonwc-jenkinsx-example/yo-frontend and tag v0.0.5 so creating a new release
Updated the release information at https://github.com/jasonwc-jenkinsx-example/yo-frontend/releases/tag/v0.0.5
generated: /workspace/source/charts/yo-frontend/templates/release.yaml
Created Release yo-frontend-0-0-5 resource in namespace **
Updating PipelineActivity jasonwc-jenkinsx-example-yo-frontend-master-5 with version 0.0.5
Updated PipelineActivities jasonwc-jenkinsx-example-yo-frontend-master-5 with release notes URL: https://github.com/jasonwc-jenkinsx-example/yo-frontend/releases/tag/v0.0.5

Showing logs for build [32mmeta-jasonwc-jenkinsx-example-y-z62sn-5[0m stage [32mfrom-build-pack[0m and container [32mstep-promote-helm-release[0m
WARNING: No $CHART_REPOSITORY defined so using the default value of: http://jenkins-x-chartmuseum:8080
Adding missing Helm repo: storage.googleapis.com https://storage.googleapis.com/chartmuseum.jenkins-x.io
Successfully added Helm repository storage.googleapis.com.
Adding missing Helm repo: jenkins-x-chartmuseum http://jenkins-x-chartmuseum:8080
Successfully added Helm repository jenkins-x-chartmuseum.
WARNING: No $CHART_REPOSITORY defined so using the default value of: http://jenkins-x-chartmuseum:8080
Uploading chart file yo-frontend-0.0.5.tgz to http://jenkins-x-chartmuseum:8080/api/charts
Received 201 response: {"saved":true}

Showing logs for build [32mmeta-jasonwc-jenkinsx-example-y-z62sn-5[0m stage [32mfrom-build-pack[0m and container [32mstep-promote-jx-promote[0m
WARNING: prow based install so skip waiting for the merge of Pull Requests to go green as currently there is an issue with gettingstatuses from the PR, see https://github.com/jenkins-x/**/issues/2410
Promoting app yo-frontend version 0.0.5 to namespace **-yo-staging
Created Pull Request: https://github.com/jasonwc-jenkinsx-example/environment-**-yo-staging/pull/14
Added label  to Pull Request https://github.com/jasonwc-jenkinsx-example/environment-**-yo-staging/pull/14
Pull Request https://github.com/jasonwc-jenkinsx-example/environment-**-yo-staging/pull/14 is merged at sha 1ab18ec16806f0ef9b1d7387ee7776995bfff0be
Pull Request merged but we are not waiting for the update pipeline to complete!
