
Showing logs for build [32mmeta-jasonwc-jenkinsx-example-y-sddtj-2[0m stage [32mmeta-pipeline[0m and container [32mstep-credential-initializer-kml2s[0m
Unable to retrieve container logs for docker://82f08c59db151556464bc2d4ed01db1373726f5271d7af358cd184af07d8456d

Showing logs for build [32mmeta-jasonwc-jenkinsx-example-y-sddtj-2[0m stage [32mmeta-pipeline[0m and container [32mstep-working-dir-initializer-cq79k[0m
Unable to retrieve container logs for docker://62db4a7b967f8bfe301fbc39c2f2033f712ead18dc8232e2ce13bf27733ab10e

Showing logs for build [32mmeta-jasonwc-jenkinsx-example-y-sddtj-2[0m stage [32mmeta-pipeline[0m and container [32mstep-place-tools[0m
Unable to retrieve container logs for docker://8b288c3e8114c4e6fc85c67a58a572376da5302a9a97b3ba35544ebdfe76156a

Showing logs for build [32mmeta-jasonwc-jenkinsx-example-y-sddtj-2[0m stage [32mmeta-pipeline[0m and container [32mstep-git-source-meta-jasonwc-jenkinsx-example-y-kwdpj[0m
Unable to retrieve container logs for docker://489a460fa084cee2e5c35464818f94ef6432ece89367ef4bfb8365525fef8d42

Showing logs for build [32mmeta-jasonwc-jenkinsx-example-y-sddtj-2[0m stage [32mmeta-pipeline[0m and container [32mstep-git-merge[0m
Unable to retrieve container logs for docker://446fcab0f33e0d50306b66ce2178917159a7584f99a7a95c554e15f9bfd6790b

Showing logs for build [32mmeta-jasonwc-jenkinsx-example-y-sddtj-2[0m stage [32mmeta-pipeline[0m and container [32mstep-merge-pull-refs[0m
Unable to retrieve container logs for docker://6e2e38207ca892f2185be90acf8e072029d9e5070e332e6a375cebee67598728

Showing logs for build [32mmeta-jasonwc-jenkinsx-example-y-sddtj-2[0m stage [32mmeta-pipeline[0m and container [32mstep-create-effective-pipeline[0m
Unable to retrieve container logs for docker://8dbfbe7db2073cb22844897e7bee2637cd4a0a6b2f79102f108d2e6a8baf5f53

Showing logs for build [32mmeta-jasonwc-jenkinsx-example-y-sddtj-2[0m stage [32mmeta-pipeline[0m and container [32mstep-create-tekton-crds[0m
Unable to retrieve container logs for docker://a878ea6d8a0fc0a54ad48a22dee684aa1ee353521ac3bd306530b1613f130eff

Showing logs for build [32mmeta-jasonwc-jenkinsx-example-y-sddtj-2[0m stage [32mfrom-build-pack[0m and container [32mstep-credential-initializer-t7mtp[0m
{"level":"warn","ts":1567619484.2633862,"logger":"fallback-logger","caller":"logging/config.go:69","msg":"Fetch GitHub commit ID from kodata failed: \"ref: refs/heads/master\" is not a valid GitHub commit ID"}
{"level":"info","ts":1567619484.263695,"logger":"fallback-logger","caller":"creds-init/main.go:40","msg":"Credentials initialized."}

Showing logs for build [32mmeta-jasonwc-jenkinsx-example-y-sddtj-2[0m stage [32mfrom-build-pack[0m and container [32mstep-working-dir-initializer-4x7jv[0m
{"level":"warn","ts":1567619485.2563918,"logger":"fallback-logger","caller":"logging/config.go:69","msg":"Fetch GitHub commit ID from kodata failed: open /var/run/ko/HEAD: no such file or directory"}
{"level":"info","ts":1567619485.2597623,"logger":"fallback-logger","caller":"bash/main.go:65","msg":"Successfully executed command \"mkdir -p /workspace/source /workspace/source/charts/preview\""}

Showing logs for build [32mmeta-jasonwc-jenkinsx-example-y-sddtj-2[0m stage [32mfrom-build-pack[0m and container [32mstep-place-tools[0m

Showing logs for build [32mmeta-jasonwc-jenkinsx-example-y-sddtj-2[0m stage [32mfrom-build-pack[0m and container [32mstep-git-source-jasonwc-jenkinsx-example-yo-fro-qscd8[0m
{"level":"warn","ts":1567619491.302211,"logger":"fallback-logger","caller":"logging/config.go:69","msg":"Fetch GitHub commit ID from kodata failed: \"ref: refs/heads/master\" is not a valid GitHub commit ID"}
{"level":"info","ts":1567619491.4627132,"logger":"fallback-logger","caller":"git/git.go:102","msg":"Successfully cloned https://github.com/jasonwc-jenkinsx-example/yo-frontend.git @ master in path /workspace/source"}

Showing logs for build [32mmeta-jasonwc-jenkinsx-example-y-sddtj-2[0m stage [32mfrom-build-pack[0m and container [32mstep-git-merge[0m
Using SHAs from PULL_REFS=master:8ad7b09ef490b9d953520fb59c6e64ebe73efe54,2:b6fefee30e9e836ff4c2bcab39eef92b5d08e860
DEBUG: ran git fetch --unshallow origin b6fefee30e9e836ff4c2bcab39eef92b5d08e860: 8ad7b09ef490b9d953520fb59c6e64ebe73efe54: in 
DEBUG: ran git checkout master in 
DEBUG: ran git reset --hard 8ad7b09ef490b9d953520fb59c6e64ebe73efe54 in 
DEBUG: ran clean --force -d . in 
DEBUG: ran git merge b6fefee30e9e836ff4c2bcab39eef92b5d08e860 in 
Merged SHA b6fefee30e9e836ff4c2bcab39eef92b5d08e860 with commit message 'Use correct mount path, fix typo' into base branch master
Merged SHA 3831bac35ccb2543ad6c4f2b854dc71d0b132503 with commit message 'Mount the environment-config to substitute environment variables in the container' into base branch master
Merged SHA fbd6ca0bf87b3d0096693f4fc22fc7c08ff31089 with commit message 'Add configmap for setting an api_url from values' into base branch master

Showing logs for build [32mmeta-jasonwc-jenkinsx-example-y-sddtj-2[0m stage [32mfrom-build-pack[0m and container [32mstep-build-npmrc[0m
WARNING: failed to find Secret npm-token in namespace **

Showing logs for build [32mmeta-jasonwc-jenkinsx-example-y-sddtj-2[0m stage [32mfrom-build-pack[0m and container [32mstep-build-npm-install[0m

> core-js@2.6.9 postinstall /workspace/source/node_modules/babel-runtime/node_modules/core-js
> node scripts/postinstall || echo "ignore"

[96mThank you for using core-js ([94m https://github.com/zloirock/core-js [96m) for polyfilling JavaScript standard library![0m

[96mThe project needs your help! Please consider supporting of core-js on Open Collective or Patreon: [0m
[96m>[94m https://opencollective.com/core-js [0m
[96m>[94m https://www.patreon.com/zloirock [0m

[96mAlso, the author of core-js ([94m https://github.com/zloirock [96m) is looking for a good job -)[0m


> core-js@3.1.4 postinstall /workspace/source/node_modules/core-js
> node scripts/postinstall || echo "ignore"

[96mThank you for using core-js ([94m https://github.com/zloirock/core-js [96m) for polyfilling JavaScript standard library![0m

[96mThe project needs your help! Please consider supporting of core-js on Open Collective or Patreon: [0m
[96m>[94m https://opencollective.com/core-js [0m
[96m>[94m https://www.patreon.com/zloirock [0m

[96mAlso, the author of core-js ([94m https://github.com/zloirock [96m) is looking for a good job -)[0m

npm WARN optional SKIPPING OPTIONAL DEPENDENCY: fsevents@1.2.9 (node_modules/jest-haste-map/node_modules/fsevents):
npm WARN notsup SKIPPING OPTIONAL DEPENDENCY: Unsupported platform for fsevents@1.2.9: wanted {"os":"darwin","arch":"any"} (current: {"os":"linux","arch":"x64"})
npm WARN optional SKIPPING OPTIONAL DEPENDENCY: fsevents@1.2.9 (node_modules/chokidar/node_modules/fsevents):
npm WARN notsup SKIPPING OPTIONAL DEPENDENCY: Unsupported platform for fsevents@1.2.9: wanted {"os":"darwin","arch":"any"} (current: {"os":"linux","arch":"x64"})
npm WARN optional SKIPPING OPTIONAL DEPENDENCY: fsevents@2.0.7 (node_modules/fsevents):
npm WARN notsup SKIPPING OPTIONAL DEPENDENCY: Unsupported platform for fsevents@2.0.7: wanted {"os":"darwin","arch":"any"} (current: {"os":"linux","arch":"x64"})

added 1435 packages from 685 contributors and audited 903611 packages in 18.964s
found 0 vulnerabilities


Showing logs for build [32mmeta-jasonwc-jenkinsx-example-y-sddtj-2[0m stage [32mfrom-build-pack[0m and container [32mstep-build-npm-test[0m

> yo-frontend@0.1.0 test /workspace/source
> react-scripts test

PASS src/App.test.js
  ✓ renders without crashing (22ms)

Test Suites: 1 passed, 1 total
Tests:       1 passed, 1 total
Snapshots:   0 total
Time:        1.498s
Ran all test suites.

Showing logs for build [32mmeta-jasonwc-jenkinsx-example-y-sddtj-2[0m stage [32mfrom-build-pack[0m and container [32mstep-build-container-build[0m
[36mINFO[0m[0000] Downloading base image node:11.13.0          
[36mINFO[0m[0000] Error while retrieving image from cache: getting file info: stat /workspace/sha256:1f435b1a92050b3c4ac6c0485d08a3c322f362589250bb94f350569a3d78ffcf: no such file or directory 
[36mINFO[0m[0000] Downloading base image node:11.13.0          
[36mINFO[0m[0000] Using files from context: [/workspace/source/package-lock.json /workspace/source/package.json] 
[36mINFO[0m[0000] Checking for cached layer 000360016411.dkr.ecr.us-west-2.amazonaws.com/todo/cache:d8ca1e50e43abff900b81f3f2be89a7502629a0b36a953716e2c994b289d4683... 
[36mINFO[0m[0001] No cached layer found for cmd RUN npm ci --only=production 
[36mINFO[0m[0001] Unpacking rootfs as cmd RUN npm ci --only=production requires it. 
[36mINFO[0m[0017] Taking snapshot of full filesystem...        
[36mINFO[0m[0023] WORKDIR /usr/src/app                         
[36mINFO[0m[0023] cmd: workdir                                 
[36mINFO[0m[0023] Changed working directory to /usr/src/app    
[36mINFO[0m[0023] Creating directory /usr/src/app              
[36mINFO[0m[0023] Taking snapshot of files...                  
[36mINFO[0m[0023] Using files from context: [/workspace/source/package-lock.json /workspace/source/package.json] 
[36mINFO[0m[0023] COPY package*.json ./                        
[36mINFO[0m[0024] Taking snapshot of files...                  
[36mINFO[0m[0024] RUN npm ci --only=production                 
[36mINFO[0m[0024] cmd: /bin/sh                                 
[36mINFO[0m[0024] args: [-c npm ci --only=production]          

> core-js@2.6.9 postinstall /usr/src/app/node_modules/babel-runtime/node_modules/core-js
> node scripts/postinstall || echo "ignore"

Thank you for using core-js ( https://github.com/zloirock/core-js ) for polyfilling JavaScript standard library!

The project needs your help! Please consider supporting of core-js on Open Collective or Patreon: 
> https://opencollective.com/core-js 
> https://www.patreon.com/zloirock 

Also, the author of core-js ( https://github.com/zloirock ) is looking for a good job -)


> fsevents@1.2.9 install /usr/src/app/node_modules/chokidar/node_modules/fsevents
> node install


> core-js@3.1.4 postinstall /usr/src/app/node_modules/core-js
> node scripts/postinstall || echo "ignore"

Thank you for using core-js ( https://github.com/zloirock/core-js ) for polyfilling JavaScript standard library!

The project needs your help! Please consider supporting of core-js on Open Collective or Patreon: 
> https://opencollective.com/core-js 
> https://www.patreon.com/zloirock 

Also, the author of core-js ( https://github.com/zloirock ) is looking for a good job -)


> fsevents@1.2.9 install /usr/src/app/node_modules/jest-haste-map/node_modules/fsevents
> node install

added 1439 packages in 11.047s
[36mINFO[0m[0036] Taking snapshot of full filesystem...        
[36mINFO[0m[0056] Pushing layer 000360016411.dkr.ecr.us-west-2.amazonaws.com/todo/cache:d8ca1e50e43abff900b81f3f2be89a7502629a0b36a953716e2c994b289d4683 to cache now 
[36mINFO[0m[0056] Using files from context: [/workspace/source] 
[36mINFO[0m[0065] COPY . ./                                    
[36mINFO[0m[0067] Taking snapshot of files...                  
[36mINFO[0m[0067] RUN npm run build                            
[36mINFO[0m[0067] cmd: /bin/sh                                 
[36mINFO[0m[0067] args: [-c npm run build]                     

> yo-frontend@0.1.0 build /usr/src/app
> react-scripts build

Creating an optimized production build...
Compiled successfully.

File sizes after gzip:

  38.97 KB  build/static/js/2.6289cfb8.chunk.js
  778 B     build/static/js/runtime~main.6fd3b175.js
  735 B     build/static/js/main.272778bd.chunk.js
  287 B     build/static/css/main.507336ad.chunk.css

The project was built assuming it is hosted at the server root.
You can control this with the homepage field in your package.json.
For example, add this to build it for GitHub Pages:

  "homepage" : "http://myname.github.io/myapp",

The build folder is ready to be deployed.
You may serve it with a static server:

  npm install -g serve
  serve -s build

Find out more about deployment here:

  https://bit.ly/CRA-deploy

[36mINFO[0m[0075] Taking snapshot of full filesystem...        
[36mINFO[0m[0081] Pushing layer 000360016411.dkr.ecr.us-west-2.amazonaws.com/todo/cache:f9fa48f3285507a65cf63fbfb45c6bbf3bf0dc37533832fbc0a69f111f41e9e6 to cache now 
[33mWARN[0m[0082] error uploading layer to cache: failed to push to destination 000360016411.dkr.ecr.us-west-2.amazonaws.com/todo/cache:d8ca1e50e43abff900b81f3f2be89a7502629a0b36a953716e2c994b289d4683: NAME_UNKNOWN: The repository with name 'todo/cache' does not exist in the registry with id '000360016411' 
[36mINFO[0m[0082] Storing source image from stage 0 at path /kaniko/stages/0 
[36mINFO[0m[0107] Deleting filesystem...                       
[36mINFO[0m[0109] Downloading base image nginx                 
[36mINFO[0m[0110] Error while retrieving image from cache: getting file info: stat /workspace/sha256:099019968725f0fc12c4b69b289a347ae74cc56da0f0ef56e8eb8e0134fc7911: no such file or directory 
[36mINFO[0m[0110] Downloading base image nginx                 
[36mINFO[0m[0110] cmd: EXPOSE                                  
[36mINFO[0m[0110] Adding exposed port: 80/tcp                  
[36mINFO[0m[0110] Skipping unpacking as no commands require it. 
[36mINFO[0m[0110] Taking snapshot of full filesystem...        
[36mINFO[0m[0120] COPY --from=build /usr/src/app/build /usr/share/nginx/html 
[36mINFO[0m[0120] Taking snapshot of files...                  
[36mINFO[0m[0120] EXPOSE 80                                    
[36mINFO[0m[0120] cmd: EXPOSE                                  
[36mINFO[0m[0120] Adding exposed port: 80/tcp                  
[36mINFO[0m[0120] No files changed in this command, skipping snapshotting. 
[36mINFO[0m[0120] CMD ["nginx", "-g", "daemon off;"]           
[36mINFO[0m[0120] No files changed in this command, skipping snapshotting. 
2019/09/04 17:53:57 existing blob: sha256:a17e64cfe253e4f55c326740c8fffd1812a09257d96be959a5db2ecf8624c63f
2019/09/04 17:53:57 existing blob: sha256:e1288088c7a8274e84793b282640a49a8b90b8b364ea5d593887ff43ecaff0e0
2019/09/04 17:53:57 existing blob: sha256:1ab2bdfe97783562315f98f94c0769b1897a05f7b0395ca1520ebee08666703b
2019/09/04 17:53:58 pushed blob: sha256:c3265bf1c23a17973a71e929ac75be99394f74661555117ca46d6c4284df9da2
2019/09/04 17:53:58 pushed blob: sha256:5587057a4a4fba947700c0704ae9f618443d659c684f8f46f0699aedb9790ff6
2019/09/04 17:53:58 000360016411.dkr.ecr.us-west-2.amazonaws.com/jasonwc-jenkinsx-example/yo-frontend:0.0.0-SNAPSHOT-PR-2-2: digest: sha256:83397515bfc09adba501fc748dcf37ff2cb261cd406fdf72180b6f882cccf7d2 size: 917

Showing logs for build [32mmeta-jasonwc-jenkinsx-example-y-sddtj-2[0m stage [32mfrom-build-pack[0m and container [32mstep-postbuild-post-build[0m
no CVE provider running in the current ** namespace so skip adding image to be analysed

Showing logs for build [32mmeta-jasonwc-jenkinsx-example-y-sddtj-2[0m stage [32mfrom-build-pack[0m and container [32mstep-promote-make-preview[0m
sed -i -e "s/version:.*/version: 0.0.0-SNAPSHOT-PR-2-2/" Chart.yaml
sed -i -e "s/version:.*/version: 0.0.0-SNAPSHOT-PR-2-2/" ../*/Chart.yaml
sed -i -e "s|repository:.*|repository: 000360016411.dkr.ecr.us-west-2.amazonaws.com\/jasonwc-jenkinsx-example\/yo-frontend|" values.yaml
sed -i -e "s/tag:.*/tag: 0.0.0-SNAPSHOT-PR-2-2/" values.yaml
echo "  version: 0.0.0-SNAPSHOT-PR-2-2" >> requirements.yaml
** step helm build
WARNING: No $CHART_REPOSITORY defined so using the default value of: http://jenkins-x-chartmuseum:8080
Adding missing Helm repo: storage.googleapis.com https://storage.googleapis.com/chartmuseum.jenkins-x.io
Successfully added Helm repository storage.googleapis.com.
Adding missing Helm repo: jenkins-x-chartmuseum http://jenkins-x-chartmuseum:8080
Successfully added Helm repository jenkins-x-chartmuseum.
WARNING: No $CHART_REPOSITORY defined so using the default value of: http://jenkins-x-chartmuseum:8080
Adding missing Helm repo: chartmuseum.jenkins-x.io http://chartmuseum.jenkins-x.io
Successfully added Helm repository chartmuseum.jenkins-x.io.

Showing logs for build [32mmeta-jasonwc-jenkinsx-example-y-sddtj-2[0m stage [32mfrom-build-pack[0m and container [32mstep-promote-jx-preview[0m
Creating a preview
Commit author email is empty for: fbd6ca0bf87b3d0096693f4fc22fc7c08ff31089
Looking for commits in: /workspace/source/
Commit author email is empty for: 3831bac35ccb2543ad6c4f2b854dc71d0b132503
Looking for commits in: /workspace/source/
Commit author email is empty for: b6fefee30e9e836ff4c2bcab39eef92b5d08e860
Looking for commits in: /workspace/source/
Found commit author match for: jasonwc with email address: jasonwccodes@gmail.com
expose:
  Annotations:
    helm.sh/hook: post-install,post-upgrade
    helm.sh/hook-delete-policy: hook-succeeded
  config:
    domain: jenkins-x-example.dev.launch.adobe.net
    exposer: Ingress
    http: "true"
preview:
  image:
    repository: 000360016411.dkr.ecr.us-west-2.amazonaws.com/jasonwc-jenkinsx-example/yo-frontend
    tag: 0.0.0-SNAPSHOT-PR-2-2
Deleting and cloning the Jenkins X versions repo
Cloning the Jenkins X versions repo https://github.com/jenkins-x/jenkins-x-versions.git with ref refs/heads/master to /builder/home/.**/jenkins-x-versions


Updating PipelineActivities jasonwc-jenkinsx-example-yo-frontend-pr-2-2 which has status Running
WARNING: preview application http://yo-frontend.**-jasonwc-jenkinsx-example-yo-frontend-pr-2.jenkins-x-example.dev.launch.adobe.net not available, error was 503 503 Service Temporarily Unavailable, delaying for: 658.328277ms
WARNING: preview application http://yo-frontend.**-jasonwc-jenkinsx-example-yo-frontend-pr-2.jenkins-x-example.dev.launch.adobe.net not available, error was 503 503 Service Temporarily Unavailable, delaying for: 869.180435ms
WARNING: preview application http://yo-frontend.**-jasonwc-jenkinsx-example-yo-frontend-pr-2.jenkins-x-example.dev.launch.adobe.net not available, error was 503 503 Service Temporarily Unavailable, delaying for: 2.682055322s
Preview application is now available at: http://yo-frontend.**-jasonwc-jenkinsx-example-yo-frontend-pr-2.jenkins-x-example.dev.launch.adobe.net
