
Showing logs for build [32mmeta-jasonwc-jenkinsx-example-y-5xkbh-1[0m stage [32mmeta-pipeline[0m and container [32mstep-credential-initializer-87ldq[0m
Unable to retrieve container logs for docker://633da52d5529253e1a5da5fb802486b34735a2250f61f34a49a195de34f525e0

Showing logs for build [32mmeta-jasonwc-jenkinsx-example-y-5xkbh-1[0m stage [32mmeta-pipeline[0m and container [32mstep-working-dir-initializer-tshbh[0m
Unable to retrieve container logs for docker://8507e21eb2c697d0f4dbf09cc55277bbeac1b921b6c90ffdf02463b05d706750

Showing logs for build [32mmeta-jasonwc-jenkinsx-example-y-5xkbh-1[0m stage [32mmeta-pipeline[0m and container [32mstep-place-tools[0m
Unable to retrieve container logs for docker://ecab86c2e1ce12d845f7db619f1a7ae879e573871cd505abd01692cafff0b29a

Showing logs for build [32mmeta-jasonwc-jenkinsx-example-y-5xkbh-1[0m stage [32mmeta-pipeline[0m and container [32mstep-git-source-meta-jasonwc-jenkinsx-example-y-m7tss[0m
Unable to retrieve container logs for docker://002993a27de073023638237cd8fb8e0573d3d6ac7458509a5669c2990316f541

Showing logs for build [32mmeta-jasonwc-jenkinsx-example-y-5xkbh-1[0m stage [32mmeta-pipeline[0m and container [32mstep-git-merge[0m
Unable to retrieve container logs for docker://5883b88bc4650cacbbcede027cbadd1fdfb77c656e790c4e712989e67b2d4c06

Showing logs for build [32mmeta-jasonwc-jenkinsx-example-y-5xkbh-1[0m stage [32mmeta-pipeline[0m and container [32mstep-merge-pull-refs[0m
Unable to retrieve container logs for docker://244c386aaca4a6e76a8e4993010f4737f5f8ad7026fa28b2247d215ff640f742

Showing logs for build [32mmeta-jasonwc-jenkinsx-example-y-5xkbh-1[0m stage [32mmeta-pipeline[0m and container [32mstep-create-effective-pipeline[0m
Unable to retrieve container logs for docker://aa360f11204a9cdd18aa7d693944f814ce2d0b21f6a724b502b34bfd0c424808

Showing logs for build [32mmeta-jasonwc-jenkinsx-example-y-5xkbh-1[0m stage [32mmeta-pipeline[0m and container [32mstep-create-tekton-crds[0m
Unable to retrieve container logs for docker://893b1785f35607a9deb0375920ad9b9f8a11edb8c5d7041a7f7ffc15647da250

Showing logs for build [32mmeta-jasonwc-jenkinsx-example-y-5xkbh-1[0m stage [32mfrom-build-pack[0m and container [32mstep-credential-initializer-d7h4h[0m
{"level":"warn","ts":1568232089.7558377,"logger":"fallback-logger","caller":"logging/config.go:69","msg":"Fetch GitHub commit ID from kodata failed: \"ref: refs/heads/master\" is not a valid GitHub commit ID"}
{"level":"info","ts":1568232089.756352,"logger":"fallback-logger","caller":"creds-init/main.go:40","msg":"Credentials initialized."}

Showing logs for build [32mmeta-jasonwc-jenkinsx-example-y-5xkbh-1[0m stage [32mfrom-build-pack[0m and container [32mstep-working-dir-initializer-nf2hc[0m
{"level":"warn","ts":1568232091.0284724,"logger":"fallback-logger","caller":"logging/config.go:69","msg":"Fetch GitHub commit ID from kodata failed: open /var/run/ko/HEAD: no such file or directory"}
{"level":"info","ts":1568232091.032325,"logger":"fallback-logger","caller":"bash/main.go:65","msg":"Successfully executed command \"mkdir -p /workspace/source /workspace/source/charts/preview\""}

Showing logs for build [32mmeta-jasonwc-jenkinsx-example-y-5xkbh-1[0m stage [32mfrom-build-pack[0m and container [32mstep-place-tools[0m

Showing logs for build [32mmeta-jasonwc-jenkinsx-example-y-5xkbh-1[0m stage [32mfrom-build-pack[0m and container [32mstep-git-source-jasonwc-jenkinsx-example-yo-fro-w2m8v[0m
{"level":"warn","ts":1568232101.1712112,"logger":"fallback-logger","caller":"logging/config.go:69","msg":"Fetch GitHub commit ID from kodata failed: \"ref: refs/heads/master\" is not a valid GitHub commit ID"}
{"level":"info","ts":1568232101.335809,"logger":"fallback-logger","caller":"git/git.go:102","msg":"Successfully cloned https://github.com/jasonwc-jenkinsx-example/yo-frontend.git @ master in path /workspace/source"}

Showing logs for build [32mmeta-jasonwc-jenkinsx-example-y-5xkbh-1[0m stage [32mfrom-build-pack[0m and container [32mstep-git-merge[0m
Using SHAs from PULL_REFS=master:1e05e5052c0e75e19cdcfea04307f10bbaf51f8b,5:bb241c0157501b1ad1a2cb04401f8df83e6e7e39
DEBUG: ran git fetch --unshallow origin bb241c0157501b1ad1a2cb04401f8df83e6e7e39: 1e05e5052c0e75e19cdcfea04307f10bbaf51f8b: in 
DEBUG: ran git checkout master in 
DEBUG: ran git reset --hard 1e05e5052c0e75e19cdcfea04307f10bbaf51f8b in 
DEBUG: ran clean --force -d . in 
DEBUG: ran git merge bb241c0157501b1ad1a2cb04401f8df83e6e7e39 in 
Merged SHA bb241c0157501b1ad1a2cb04401f8df83e6e7e39 with commit message 'Foo' into base branch master

Showing logs for build [32mmeta-jasonwc-jenkinsx-example-y-5xkbh-1[0m stage [32mfrom-build-pack[0m and container [32mstep-build-npmrc[0m
WARNING: failed to find Secret npm-token in namespace **

Showing logs for build [32mmeta-jasonwc-jenkinsx-example-y-5xkbh-1[0m stage [32mfrom-build-pack[0m and container [32mstep-build-npm-install[0m

> core-js@2.6.9 postinstall /workspace/source/node_modules/babel-runtime/node_modules/core-js
> node scripts/postinstall || echo "ignore"

[96mThank you for using core-js ([94m https://github.com/zloirock/core-js [96m) for polyfilling JavaScript standard library![0m

[96mThe project needs your help! Please consider supporting of core-js on Open Collective or Patreon: [0m
[96m>[94m https://opencollective.com/core-js [0m
[96m>[94m https://www.patreon.com/zloirock [0m

[96mAlso, the author of core-js ([94m https://github.com/zloirock [96m) is looking for a good job -)[0m


> core-js@3.1.4 postinstall /workspace/source/node_modules/core-js
> node scripts/postinstall || echo "ignore"

[96mThank you for using core-js ([94m https://github.com/zloirock/core-js [96m) for polyfilling JavaScript standard library![0m

[96mThe project needs your help! Please consider supporting of core-js on Open Collective or Patreon: [0m
[96m>[94m https://opencollective.com/core-js [0m
[96m>[94m https://www.patreon.com/zloirock [0m

[96mAlso, the author of core-js ([94m https://github.com/zloirock [96m) is looking for a good job -)[0m

npm WARN optional SKIPPING OPTIONAL DEPENDENCY: fsevents@1.2.9 (node_modules/jest-haste-map/node_modules/fsevents):
npm WARN notsup SKIPPING OPTIONAL DEPENDENCY: Unsupported platform for fsevents@1.2.9: wanted {"os":"darwin","arch":"any"} (current: {"os":"linux","arch":"x64"})
npm WARN optional SKIPPING OPTIONAL DEPENDENCY: fsevents@1.2.9 (node_modules/chokidar/node_modules/fsevents):
npm WARN notsup SKIPPING OPTIONAL DEPENDENCY: Unsupported platform for fsevents@1.2.9: wanted {"os":"darwin","arch":"any"} (current: {"os":"linux","arch":"x64"})
npm WARN optional SKIPPING OPTIONAL DEPENDENCY: fsevents@2.0.7 (node_modules/fsevents):
npm WARN notsup SKIPPING OPTIONAL DEPENDENCY: Unsupported platform for fsevents@2.0.7: wanted {"os":"darwin","arch":"any"} (current: {"os":"linux","arch":"x64"})

added 1435 packages from 685 contributors and audited 903611 packages in 28.736s
found 0 vulnerabilities


Showing logs for build [32mmeta-jasonwc-jenkinsx-example-y-5xkbh-1[0m stage [32mfrom-build-pack[0m and container [32mstep-build-npm-test[0m

> yo-frontend@0.1.0 test /workspace/source
> react-scripts test

PASS src/App.test.js
  ✓ renders without crashing (36ms)

Test Suites: 1 passed, 1 total
Tests:       1 passed, 1 total
Snapshots:   0 total
Time:        2.296s
Ran all test suites.

Showing logs for build [32mmeta-jasonwc-jenkinsx-example-y-5xkbh-1[0m stage [32mfrom-build-pack[0m and container [32mstep-build-container-build[0m
[36mINFO[0m[0000] Downloading base image node:11.13.0          
[36mINFO[0m[0000] Error while retrieving image from cache: getting file info: stat /workspace/sha256:1f435b1a92050b3c4ac6c0485d08a3c322f362589250bb94f350569a3d78ffcf: no such file or directory 
[36mINFO[0m[0000] Downloading base image node:11.13.0          
[36mINFO[0m[0001] Using files from context: [/workspace/source/package-lock.json /workspace/source/package.json] 
[36mINFO[0m[0001] Checking for cached layer 000360016411.dkr.ecr.us-west-2.amazonaws.com/todo/cache:d8ca1e50e43abff900b81f3f2be89a7502629a0b36a953716e2c994b289d4683... 
[36mINFO[0m[0002] No cached layer found for cmd RUN npm ci --only=production 
[36mINFO[0m[0002] Unpacking rootfs as cmd RUN npm ci --only=production requires it. 
[36mINFO[0m[0020] Taking snapshot of full filesystem...        
[36mINFO[0m[0025] WORKDIR /usr/src/app                         
[36mINFO[0m[0025] cmd: workdir                                 
[36mINFO[0m[0025] Changed working directory to /usr/src/app    
[36mINFO[0m[0025] Creating directory /usr/src/app              
[36mINFO[0m[0025] Taking snapshot of files...                  
[36mINFO[0m[0025] Using files from context: [/workspace/source/package-lock.json /workspace/source/package.json] 
[36mINFO[0m[0025] COPY package*.json ./                        
[36mINFO[0m[0026] Taking snapshot of files...                  
[36mINFO[0m[0026] RUN npm ci --only=production                 
[36mINFO[0m[0026] cmd: /bin/sh                                 
[36mINFO[0m[0026] args: [-c npm ci --only=production]          

> core-js@2.6.9 postinstall /usr/src/app/node_modules/babel-runtime/node_modules/core-js
> node scripts/postinstall || echo "ignore"

Thank you for using core-js ( https://github.com/zloirock/core-js ) for polyfilling JavaScript standard library!

The project needs your help! Please consider supporting of core-js on Open Collective or Patreon: 
> https://opencollective.com/core-js 
> https://www.patreon.com/zloirock 

Also, the author of core-js ( https://github.com/zloirock ) is looking for a good job -)


> fsevents@1.2.9 install /usr/src/app/node_modules/chokidar/node_modules/fsevents
> node install


> core-js@3.1.4 postinstall /usr/src/app/node_modules/core-js
> node scripts/postinstall || echo "ignore"

Thank you for using core-js ( https://github.com/zloirock/core-js ) for polyfilling JavaScript standard library!

The project needs your help! Please consider supporting of core-js on Open Collective or Patreon: 
> https://opencollective.com/core-js 
> https://www.patreon.com/zloirock 

Also, the author of core-js ( https://github.com/zloirock ) is looking for a good job -)


> fsevents@1.2.9 install /usr/src/app/node_modules/jest-haste-map/node_modules/fsevents
> node install

added 1439 packages in 10.861s
[36mINFO[0m[0037] Taking snapshot of full filesystem...        
[36mINFO[0m[0057] Pushing layer 000360016411.dkr.ecr.us-west-2.amazonaws.com/todo/cache:d8ca1e50e43abff900b81f3f2be89a7502629a0b36a953716e2c994b289d4683 to cache now 
[36mINFO[0m[0057] Using files from context: [/workspace/source] 
[36mINFO[0m[0058] COPY . ./                                    
[36mINFO[0m[0060] Taking snapshot of files...                  
[36mINFO[0m[0060] RUN npm run build                            
[36mINFO[0m[0060] cmd: /bin/sh                                 
[36mINFO[0m[0060] args: [-c npm run build]                     

> yo-frontend@0.1.0 build /usr/src/app
> react-scripts build

Creating an optimized production build...
Compiled successfully.

File sizes after gzip:

  38.97 KB  build/static/js/2.6289cfb8.chunk.js
  778 B     build/static/js/runtime~main.6fd3b175.js
  753 B     build/static/js/main.5256cead.chunk.js
  287 B     build/static/css/main.507336ad.chunk.css

The project was built assuming it is hosted at the server root.
You can control this with the homepage field in your package.json.
For example, add this to build it for GitHub Pages:

  "homepage" : "http://myname.github.io/myapp",

The build folder is ready to be deployed.
You may serve it with a static server:

  npm install -g serve
  serve -s build

Find out more about deployment here:

  https://bit.ly/CRA-deploy

[36mINFO[0m[0068] Taking snapshot of full filesystem...        
[36mINFO[0m[0074] Pushing layer 000360016411.dkr.ecr.us-west-2.amazonaws.com/todo/cache:da38144cd05efe33692c63dad894b8c438c32ea708091b1bc0cbf1fae3931bb0 to cache now 
[33mWARN[0m[0075] error uploading layer to cache: failed to push to destination 000360016411.dkr.ecr.us-west-2.amazonaws.com/todo/cache:d8ca1e50e43abff900b81f3f2be89a7502629a0b36a953716e2c994b289d4683: NAME_UNKNOWN: The repository with name 'todo/cache' does not exist in the registry with id '000360016411' 
[36mINFO[0m[0075] Storing source image from stage 0 at path /kaniko/stages/0 
[36mINFO[0m[0105] Deleting filesystem...                       
[36mINFO[0m[0110] Downloading base image nginx                 
[36mINFO[0m[0110] Error while retrieving image from cache: getting file info: stat /workspace/sha256:099019968725f0fc12c4b69b289a347ae74cc56da0f0ef56e8eb8e0134fc7911: no such file or directory 
[36mINFO[0m[0110] Downloading base image nginx                 
[36mINFO[0m[0110] cmd: EXPOSE                                  
[36mINFO[0m[0110] Adding exposed port: 80/tcp                  
[36mINFO[0m[0110] Skipping unpacking as no commands require it. 
[36mINFO[0m[0110] Taking snapshot of full filesystem...        
[36mINFO[0m[0120] COPY --from=build /usr/src/app/build /usr/share/nginx/html 
[36mINFO[0m[0120] Taking snapshot of files...                  
[36mINFO[0m[0120] EXPOSE 80                                    
[36mINFO[0m[0120] cmd: EXPOSE                                  
[36mINFO[0m[0120] Adding exposed port: 80/tcp                  
[36mINFO[0m[0120] No files changed in this command, skipping snapshotting. 
[36mINFO[0m[0120] CMD ["nginx", "-g", "daemon off;"]           
[36mINFO[0m[0120] No files changed in this command, skipping snapshotting. 
2019/09/11 20:04:20 existing blob: sha256:a17e64cfe253e4f55c326740c8fffd1812a09257d96be959a5db2ecf8624c63f
2019/09/11 20:04:20 existing blob: sha256:e1288088c7a8274e84793b282640a49a8b90b8b364ea5d593887ff43ecaff0e0
2019/09/11 20:04:21 existing blob: sha256:1ab2bdfe97783562315f98f94c0769b1897a05f7b0395ca1520ebee08666703b
2019/09/11 20:04:21 pushed blob: sha256:15c6b194b69ff57c46b238ce6ba4123f69aafa5beffe47ab096f13201f7ad6d3
2019/09/11 20:04:21 pushed blob: sha256:dce4b1020ec925d293eb4708373d33ff0736168636e68a9f962c4031af803344
2019/09/11 20:04:22 000360016411.dkr.ecr.us-west-2.amazonaws.com/jasonwc-jenkinsx-example/yo-frontend:0.0.0-SNAPSHOT-PR-5-1: digest: sha256:38a55738380c636590a00a4609780b99fd4b0d93ffde6a19c49bd742c415b107 size: 917

Showing logs for build [32mmeta-jasonwc-jenkinsx-example-y-5xkbh-1[0m stage [32mfrom-build-pack[0m and container [32mstep-postbuild-post-build[0m
no CVE provider running in the current ** namespace so skip adding image to be analysed

Showing logs for build [32mmeta-jasonwc-jenkinsx-example-y-5xkbh-1[0m stage [32mfrom-build-pack[0m and container [32mstep-promote-make-preview[0m
sed -i -e "s/version:.*/version: 0.0.0-SNAPSHOT-PR-5-1/" Chart.yaml
sed -i -e "s/version:.*/version: 0.0.0-SNAPSHOT-PR-5-1/" ../*/Chart.yaml
sed -i -e "s|repository:.*|repository: 000360016411.dkr.ecr.us-west-2.amazonaws.com\/jasonwc-jenkinsx-example\/yo-frontend|" values.yaml
sed -i -e "s/tag:.*/tag: 0.0.0-SNAPSHOT-PR-5-1/" values.yaml
echo "  version: 0.0.0-SNAPSHOT-PR-5-1" >> requirements.yaml
** step helm build
WARNING: No $CHART_REPOSITORY defined so using the default value of: http://jenkins-x-chartmuseum:8080
Adding missing Helm repo: storage.googleapis.com https://storage.googleapis.com/chartmuseum.jenkins-x.io
Successfully added Helm repository storage.googleapis.com.
Adding missing Helm repo: jenkins-x-chartmuseum http://jenkins-x-chartmuseum:8080
Successfully added Helm repository jenkins-x-chartmuseum.
WARNING: No $CHART_REPOSITORY defined so using the default value of: http://jenkins-x-chartmuseum:8080
Adding missing Helm repo: chartmuseum.jenkins-x.io http://chartmuseum.jenkins-x.io
Successfully added Helm repository chartmuseum.jenkins-x.io.

Showing logs for build [32mmeta-jasonwc-jenkinsx-example-y-5xkbh-1[0m stage [32mfrom-build-pack[0m and container [32mstep-promote-jx-preview[0m
Creating a preview
Commit author email is empty for: bb241c0157501b1ad1a2cb04401f8df83e6e7e39
Looking for commits in: /workspace/source/
Found commit author match for: jasonwc with email address: jasonwccodes@gmail.com
Created environment jasonwc-jenkinsx-example-yo-frontend-pr-5
Namespace **-jasonwc-jenkinsx-example-yo-frontend-pr-5 created 
expose:
  Annotations:
    helm.sh/hook: post-install,post-upgrade
    helm.sh/hook-delete-policy: hook-succeeded
  config:
    domain: jenkins-x-example.dev.launch.adobe.net
    exposer: Ingress
    http: "true"
preview:
  image:
    repository: 000360016411.dkr.ecr.us-west-2.amazonaws.com/jasonwc-jenkinsx-example/yo-frontend
    tag: 0.0.0-SNAPSHOT-PR-5-1
Deleting and cloning the Jenkins X versions repo
Cloning the Jenkins X versions repo https://github.com/jenkins-x/jenkins-x-versions.git with ref refs/heads/master to /builder/home/.**/jenkins-x-versions


Updating PipelineActivities jasonwc-jenkinsx-example-yo-frontend-pr-5-1 which has status Running
Preview application is now available at: http://yo-frontend.**-jasonwc-jenkinsx-example-yo-frontend-pr-5.jenkins-x-example.dev.launch.adobe.net
